<?xml version="1.0" encoding="UTF-8"?>
<testsuite xmlns:xsi="http://www.w3.org/2001/XMLSchema-instance" xsi:noNamespaceSchemaLocation="https://maven.apache.org/surefire/maven-surefire-plugin/xsd/surefire-test-report.xsd" name="org.liveontologies.protege.explanation.proof.editing.OWLAxiomCheckerTest" time="0.064" tests="1" errors="0" skipped="1" failures="0">
  <properties>
    <property name="sun.desktop" value="windows"/>
    <property name="awt.toolkit" value="sun.awt.windows.WToolkit"/>
    <property name="file.encoding.pkg" value="sun.io"/>
    <property name="java.specification.version" value="1.8"/>
    <property name="sun.cpu.isalist" value="amd64"/>
    <property name="sun.jnu.encoding" value="Cp1251"/>
    <property name="java.class.path" value="C:\Users\steve\Dropbox\Projects\git\defind\target\test-classes;C:\Users\steve\Dropbox\Projects\git\defind\target\classes;C:\Users\steve\.m2\repository\edu\stanford\protege\protege-editor-core\5.0.0\protege-editor-core-5.0.0.jar;C:\Users\steve\.m2\repository\org\eclipse\equinox\org.eclipse.equinox.common\3.6.0.v20100503\org.eclipse.equinox.common-3.6.0.v20100503.jar;C:\Users\steve\.m2\repository\org\eclipse\osgi\org.eclipse.osgi\3.6.0.v20100517\org.eclipse.osgi-3.6.0.v20100517.jar;C:\Users\steve\.m2\repository\com\googlecode\mdock\mdock\2.0.1\mdock-2.0.1.jar;C:\Users\steve\.m2\repository\ch\qos\logback\logback-core\1.1.3\logback-core-1.1.3.jar;C:\Users\steve\.m2\repository\ch\qos\logback\logback-classic\1.1.3\logback-classic-1.1.3.jar;C:\Users\steve\.m2\repository\com\jgoodies\jgoodies-looks\2.5.3\jgoodies-looks-2.5.3.jar;C:\Users\steve\.m2\repository\com\jgoodies\jgoodies-common\1.6.0\jgoodies-common-1.6.0.jar;C:\Users\steve\.m2\repository\edu\stanford\protege\protege-editor-owl\5.0.0\protege-editor-owl-5.0.0.jar;C:\Users\steve\.m2\repository\edu\stanford\protege\protege-common\5.0.0\protege-common-5.0.0.jar;C:\Users\steve\.m2\repository\org\slf4j\log4j-over-slf4j\1.7.12\log4j-over-slf4j-1.7.12.jar;C:\Users\steve\.m2\repository\org\slf4j\jul-to-slf4j\1.7.12\jul-to-slf4j-1.7.12.jar;C:\Users\steve\.m2\repository\org\apache\felix\org.apache.felix.main\4.4.1\org.apache.felix.main-4.4.1.jar;C:\Users\steve\.m2\repository\org\apache\felix\org.apache.felix.framework\4.4.1\org.apache.felix.framework-4.4.1.jar;C:\Users\steve\.m2\repository\edu\stanford\protege\org.protege.xmlcatalog\1.0.5\org.protege.xmlcatalog-1.0.5.jar;C:\Users\steve\.m2\repository\log4j\log4j\1.2.17\log4j-1.2.17.jar;C:\Users\steve\.m2\repository\xml-resolver\xml-resolver\1.2\xml-resolver-1.2.jar;C:\Users\steve\.m2\repository\net\sourceforge\owlapi\owlapi-osgidistribution\4.2.5\owlapi-osgidistribution-4.2.5.jar;C:\Users\steve\.m2\repository\com\fasterxml\jackson\core\jackson-core\2.5.1\jackson-core-2.5.1.jar;C:\Users\steve\.m2\repository\com\fasterxml\jackson\core\jackson-databind\2.5.1\jackson-databind-2.5.1.jar;C:\Users\steve\.m2\repository\com\fasterxml\jackson\core\jackson-annotations\2.5.1\jackson-annotations-2.5.1.jar;C:\Users\steve\.m2\repository\org\tukaani\xz\1.5\xz-1.5.jar;C:\Users\steve\.m2\repository\org\openrdf\sesame\sesame-model\2.7.16\sesame-model-2.7.16.jar;C:\Users\steve\.m2\repository\org\openrdf\sesame\sesame-rio-api\2.7.16\sesame-rio-api-2.7.16.jar;C:\Users\steve\.m2\repository\org\openrdf\sesame\sesame-rio-languages\2.7.16\sesame-rio-languages-2.7.16.jar;C:\Users\steve\.m2\repository\org\openrdf\sesame\sesame-rio-datatypes\2.7.16\sesame-rio-datatypes-2.7.16.jar;C:\Users\steve\.m2\repository\org\openrdf\sesame\sesame-rio-binary\2.7.16\sesame-rio-binary-2.7.16.jar;C:\Users\steve\.m2\repository\org\openrdf\sesame\sesame-rio-n3\2.7.16\sesame-rio-n3-2.7.16.jar;C:\Users\steve\.m2\repository\org\openrdf\sesame\sesame-rio-nquads\2.7.16\sesame-rio-nquads-2.7.16.jar;C:\Users\steve\.m2\repository\org\openrdf\sesame\sesame-rio-ntriples\2.7.16\sesame-rio-ntriples-2.7.16.jar;C:\Users\steve\.m2\repository\org\openrdf\sesame\sesame-rio-rdfjson\2.7.16\sesame-rio-rdfjson-2.7.16.jar;C:\Users\steve\.m2\repository\org\openrdf\sesame\sesame-rio-rdfxml\2.7.16\sesame-rio-rdfxml-2.7.16.jar;C:\Users\steve\.m2\repository\org\openrdf\sesame\sesame-rio-trix\2.7.16\sesame-rio-trix-2.7.16.jar;C:\Users\steve\.m2\repository\org\openrdf\sesame\sesame-rio-turtle\2.7.16\sesame-rio-turtle-2.7.16.jar;C:\Users\steve\.m2\repository\org\openrdf\sesame\sesame-rio-trig\2.7.16\sesame-rio-trig-2.7.16.jar;C:\Users\steve\.m2\repository\org\openrdf\sesame\sesame-util\2.7.16\sesame-util-2.7.16.jar;C:\Users\steve\.m2\repository\com\github\jsonld-java\jsonld-java-sesame\0.5.0\jsonld-java-sesame-0.5.0.jar;C:\Users\steve\.m2\repository\com\github\jsonld-java\jsonld-java\0.5.0\jsonld-java-0.5.0.jar;C:\Users\steve\.m2\repository\org\slf4j\jcl-over-slf4j\1.7.7\jcl-over-slf4j-1.7.7.jar;C:\Users\steve\.m2\repository\org\apache\httpcomponents\httpclient\4.5.1\httpclient-4.5.1.jar;C:\Users\steve\.m2\repository\org\apache\httpcomponents\httpclient-cache\4.5.1\httpclient-cache-4.5.1.jar;C:\Users\steve\.m2\repository\org\apache\httpcomponents\httpcore\4.4.3\httpcore-4.4.3.jar;C:\Users\steve\.m2\repository\commons-codec\commons-codec\1.9\commons-codec-1.9.jar;C:\Users\steve\.m2\repository\commons-logging\commons-logging\1.2\commons-logging-1.2.jar;C:\Users\steve\.m2\repository\org\semarglproject\semargl-sesame\0.6.1\semargl-sesame-0.6.1.jar;C:\Users\steve\.m2\repository\org\semarglproject\semargl-core\0.6.1\semargl-core-0.6.1.jar;C:\Users\steve\.m2\repository\org\semarglproject\semargl-rdfa\0.6.1\semargl-rdfa-0.6.1.jar;C:\Users\steve\.m2\repository\org\semarglproject\semargl-rdf\0.6.1\semargl-rdf-0.6.1.jar;C:\Users\steve\.m2\repository\org\apache\servicemix\bundles\org.apache.servicemix.bundles.aopalliance\1.0_6\org.apache.servicemix.bundles.aopalliance-1.0_6.jar;C:\Users\steve\.m2\repository\net\sf\trove4j\trove4j\3.0.3\trove4j-3.0.3.jar;C:\Users\steve\.m2\repository\com\google\inject\guice\4.0\guice-4.0.jar;C:\Users\steve\.m2\repository\javax\inject\javax.inject\1\javax.inject-1.jar;C:\Users\steve\.m2\repository\aopalliance\aopalliance\1.0\aopalliance-1.0.jar;C:\Users\steve\.m2\repository\com\google\inject\extensions\guice-assistedinject\4.0\guice-assistedinject-4.0.jar;C:\Users\steve\.m2\repository\com\google\inject\extensions\guice-multibindings\4.0\guice-multibindings-4.0.jar;C:\Users\steve\.m2\repository\commons-io\commons-io\2.4\commons-io-2.4.jar;C:\Users\steve\.m2\repository\org\liveontologies\puli\0.1.0\puli-0.1.0.jar;C:\Users\steve\.m2\repository\com\google\guava\guava\18.0\guava-18.0.jar;C:\Users\steve\.m2\repository\org\slf4j\slf4j-api\1.7.12\slf4j-api-1.7.12.jar;C:\Users\steve\.m2\repository\com\google\code\findbugs\jsr305\2.0.3\jsr305-2.0.3.jar;C:\Users\steve\.m2\repository\org\eclipse\equinox\org.eclipse.equinox.registry\3.5.101\org.eclipse.equinox.registry-3.5.101.jar;C:\Users\steve\.m2\repository\org\apache\servicemix\bundles\org.apache.servicemix.bundles.javax-inject\1_2\org.apache.servicemix.bundles.javax-inject-1_2.jar;C:\Users\steve\.m2\repository\junit\junit\4.12\junit-4.12.jar;C:\Users\steve\.m2\repository\org\hamcrest\hamcrest-core\1.3\hamcrest-core-1.3.jar;"/>
    <property name="java.vm.vendor" value="Oracle Corporation"/>
    <property name="sun.arch.data.model" value="64"/>
    <property name="user.variant" value=""/>
    <property name="java.vendor.url" value="http://java.oracle.com/"/>
    <property name="user.timezone" value=""/>
    <property name="user.country.format" value="RU"/>
    <property name="java.vm.specification.version" value="1.8"/>
    <property name="os.name" value="Windows 10"/>
    <property name="user.country" value="US"/>
    <property name="sun.java.launcher" value="SUN_STANDARD"/>
    <property name="sun.boot.library.path" value="C:\Program Files\Java\jdk1.8.0_171\jre\bin"/>
    <property name="sun.java.command" value="C:\Users\steve\AppData\Local\Temp\surefire2884624360850514684\surefirebooter6680997700219562176.jar C:\Users\steve\AppData\Local\Temp\surefire2884624360850514684 2018-05-17T23-17-57_428-jvmRun1 surefire5223100228957289032tmp surefire_04300745924278702364tmp"/>
    <property name="surefire.test.class.path" value="C:\Users\steve\Dropbox\Projects\git\defind\target\test-classes;C:\Users\steve\Dropbox\Projects\git\defind\target\classes;C:\Users\steve\.m2\repository\edu\stanford\protege\protege-editor-core\5.0.0\protege-editor-core-5.0.0.jar;C:\Users\steve\.m2\repository\org\eclipse\equinox\org.eclipse.equinox.common\3.6.0.v20100503\org.eclipse.equinox.common-3.6.0.v20100503.jar;C:\Users\steve\.m2\repository\org\eclipse\osgi\org.eclipse.osgi\3.6.0.v20100517\org.eclipse.osgi-3.6.0.v20100517.jar;C:\Users\steve\.m2\repository\com\googlecode\mdock\mdock\2.0.1\mdock-2.0.1.jar;C:\Users\steve\.m2\repository\ch\qos\logback\logback-core\1.1.3\logback-core-1.1.3.jar;C:\Users\steve\.m2\repository\ch\qos\logback\logback-classic\1.1.3\logback-classic-1.1.3.jar;C:\Users\steve\.m2\repository\com\jgoodies\jgoodies-looks\2.5.3\jgoodies-looks-2.5.3.jar;C:\Users\steve\.m2\repository\com\jgoodies\jgoodies-common\1.6.0\jgoodies-common-1.6.0.jar;C:\Users\steve\.m2\repository\edu\stanford\protege\protege-editor-owl\5.0.0\protege-editor-owl-5.0.0.jar;C:\Users\steve\.m2\repository\edu\stanford\protege\protege-common\5.0.0\protege-common-5.0.0.jar;C:\Users\steve\.m2\repository\org\slf4j\log4j-over-slf4j\1.7.12\log4j-over-slf4j-1.7.12.jar;C:\Users\steve\.m2\repository\org\slf4j\jul-to-slf4j\1.7.12\jul-to-slf4j-1.7.12.jar;C:\Users\steve\.m2\repository\org\apache\felix\org.apache.felix.main\4.4.1\org.apache.felix.main-4.4.1.jar;C:\Users\steve\.m2\repository\org\apache\felix\org.apache.felix.framework\4.4.1\org.apache.felix.framework-4.4.1.jar;C:\Users\steve\.m2\repository\edu\stanford\protege\org.protege.xmlcatalog\1.0.5\org.protege.xmlcatalog-1.0.5.jar;C:\Users\steve\.m2\repository\log4j\log4j\1.2.17\log4j-1.2.17.jar;C:\Users\steve\.m2\repository\xml-resolver\xml-resolver\1.2\xml-resolver-1.2.jar;C:\Users\steve\.m2\repository\net\sourceforge\owlapi\owlapi-osgidistribution\4.2.5\owlapi-osgidistribution-4.2.5.jar;C:\Users\steve\.m2\repository\com\fasterxml\jackson\core\jackson-core\2.5.1\jackson-core-2.5.1.jar;C:\Users\steve\.m2\repository\com\fasterxml\jackson\core\jackson-databind\2.5.1\jackson-databind-2.5.1.jar;C:\Users\steve\.m2\repository\com\fasterxml\jackson\core\jackson-annotations\2.5.1\jackson-annotations-2.5.1.jar;C:\Users\steve\.m2\repository\org\tukaani\xz\1.5\xz-1.5.jar;C:\Users\steve\.m2\repository\org\openrdf\sesame\sesame-model\2.7.16\sesame-model-2.7.16.jar;C:\Users\steve\.m2\repository\org\openrdf\sesame\sesame-rio-api\2.7.16\sesame-rio-api-2.7.16.jar;C:\Users\steve\.m2\repository\org\openrdf\sesame\sesame-rio-languages\2.7.16\sesame-rio-languages-2.7.16.jar;C:\Users\steve\.m2\repository\org\openrdf\sesame\sesame-rio-datatypes\2.7.16\sesame-rio-datatypes-2.7.16.jar;C:\Users\steve\.m2\repository\org\openrdf\sesame\sesame-rio-binary\2.7.16\sesame-rio-binary-2.7.16.jar;C:\Users\steve\.m2\repository\org\openrdf\sesame\sesame-rio-n3\2.7.16\sesame-rio-n3-2.7.16.jar;C:\Users\steve\.m2\repository\org\openrdf\sesame\sesame-rio-nquads\2.7.16\sesame-rio-nquads-2.7.16.jar;C:\Users\steve\.m2\repository\org\openrdf\sesame\sesame-rio-ntriples\2.7.16\sesame-rio-ntriples-2.7.16.jar;C:\Users\steve\.m2\repository\org\openrdf\sesame\sesame-rio-rdfjson\2.7.16\sesame-rio-rdfjson-2.7.16.jar;C:\Users\steve\.m2\repository\org\openrdf\sesame\sesame-rio-rdfxml\2.7.16\sesame-rio-rdfxml-2.7.16.jar;C:\Users\steve\.m2\repository\org\openrdf\sesame\sesame-rio-trix\2.7.16\sesame-rio-trix-2.7.16.jar;C:\Users\steve\.m2\repository\org\openrdf\sesame\sesame-rio-turtle\2.7.16\sesame-rio-turtle-2.7.16.jar;C:\Users\steve\.m2\repository\org\openrdf\sesame\sesame-rio-trig\2.7.16\sesame-rio-trig-2.7.16.jar;C:\Users\steve\.m2\repository\org\openrdf\sesame\sesame-util\2.7.16\sesame-util-2.7.16.jar;C:\Users\steve\.m2\repository\com\github\jsonld-java\jsonld-java-sesame\0.5.0\jsonld-java-sesame-0.5.0.jar;C:\Users\steve\.m2\repository\com\github\jsonld-java\jsonld-java\0.5.0\jsonld-java-0.5.0.jar;C:\Users\steve\.m2\repository\org\slf4j\jcl-over-slf4j\1.7.7\jcl-over-slf4j-1.7.7.jar;C:\Users\steve\.m2\repository\org\apache\httpcomponents\httpclient\4.5.1\httpclient-4.5.1.jar;C:\Users\steve\.m2\repository\org\apache\httpcomponents\httpclient-cache\4.5.1\httpclient-cache-4.5.1.jar;C:\Users\steve\.m2\repository\org\apache\httpcomponents\httpcore\4.4.3\httpcore-4.4.3.jar;C:\Users\steve\.m2\repository\commons-codec\commons-codec\1.9\commons-codec-1.9.jar;C:\Users\steve\.m2\repository\commons-logging\commons-logging\1.2\commons-logging-1.2.jar;C:\Users\steve\.m2\repository\org\semarglproject\semargl-sesame\0.6.1\semargl-sesame-0.6.1.jar;C:\Users\steve\.m2\repository\org\semarglproject\semargl-core\0.6.1\semargl-core-0.6.1.jar;C:\Users\steve\.m2\repository\org\semarglproject\semargl-rdfa\0.6.1\semargl-rdfa-0.6.1.jar;C:\Users\steve\.m2\repository\org\semarglproject\semargl-rdf\0.6.1\semargl-rdf-0.6.1.jar;C:\Users\steve\.m2\repository\org\apache\servicemix\bundles\org.apache.servicemix.bundles.aopalliance\1.0_6\org.apache.servicemix.bundles.aopalliance-1.0_6.jar;C:\Users\steve\.m2\repository\net\sf\trove4j\trove4j\3.0.3\trove4j-3.0.3.jar;C:\Users\steve\.m2\repository\com\google\inject\guice\4.0\guice-4.0.jar;C:\Users\steve\.m2\repository\javax\inject\javax.inject\1\javax.inject-1.jar;C:\Users\steve\.m2\repository\aopalliance\aopalliance\1.0\aopalliance-1.0.jar;C:\Users\steve\.m2\repository\com\google\inject\extensions\guice-assistedinject\4.0\guice-assistedinject-4.0.jar;C:\Users\steve\.m2\repository\com\google\inject\extensions\guice-multibindings\4.0\guice-multibindings-4.0.jar;C:\Users\steve\.m2\repository\commons-io\commons-io\2.4\commons-io-2.4.jar;C:\Users\steve\.m2\repository\org\liveontologies\puli\0.1.0\puli-0.1.0.jar;C:\Users\steve\.m2\repository\com\google\guava\guava\18.0\guava-18.0.jar;C:\Users\steve\.m2\repository\org\slf4j\slf4j-api\1.7.12\slf4j-api-1.7.12.jar;C:\Users\steve\.m2\repository\com\google\code\findbugs\jsr305\2.0.3\jsr305-2.0.3.jar;C:\Users\steve\.m2\repository\org\eclipse\equinox\org.eclipse.equinox.registry\3.5.101\org.eclipse.equinox.registry-3.5.101.jar;C:\Users\steve\.m2\repository\org\apache\servicemix\bundles\org.apache.servicemix.bundles.javax-inject\1_2\org.apache.servicemix.bundles.javax-inject-1_2.jar;C:\Users\steve\.m2\repository\junit\junit\4.12\junit-4.12.jar;C:\Users\steve\.m2\repository\org\hamcrest\hamcrest-core\1.3\hamcrest-core-1.3.jar;"/>
    <property name="sun.cpu.endian" value="little"/>
    <property name="user.home" value="C:\Users\steve"/>
    <property name="user.language" value="en"/>
    <property name="java.specification.vendor" value="Oracle Corporation"/>
    <property name="java.home" value="C:\Program Files\Java\jdk1.8.0_171\jre"/>
    <property name="basedir" value="C:\Users\steve\Dropbox\Projects\git\defind"/>
    <property name="file.separator" value="\"/>
    <property name="line.separator" value="&#10;"/>
    <property name="java.vm.specification.vendor" value="Oracle Corporation"/>
    <property name="java.specification.name" value="Java Platform API Specification"/>
    <property name="java.awt.graphicsenv" value="sun.awt.Win32GraphicsEnvironment"/>
    <property name="surefire.real.class.path" value="C:\Users\steve\AppData\Local\Temp\surefire2884624360850514684\surefirebooter6680997700219562176.jar"/>
    <property name="sun.boot.class.path" value="C:\Program Files\Java\jdk1.8.0_171\jre\lib\resources.jar;C:\Program Files\Java\jdk1.8.0_171\jre\lib\rt.jar;C:\Program Files\Java\jdk1.8.0_171\jre\lib\sunrsasign.jar;C:\Program Files\Java\jdk1.8.0_171\jre\lib\jsse.jar;C:\Program Files\Java\jdk1.8.0_171\jre\lib\jce.jar;C:\Program Files\Java\jdk1.8.0_171\jre\lib\charsets.jar;C:\Program Files\Java\jdk1.8.0_171\jre\lib\jfr.jar;C:\Program Files\Java\jdk1.8.0_171\jre\classes"/>
    <property name="user.script" value=""/>
    <property name="sun.management.compiler" value="HotSpot 64-Bit Tiered Compilers"/>
    <property name="java.runtime.version" value="1.8.0_171-b11"/>
    <property name="user.name" value="steve"/>
    <property name="path.separator" value=";"/>
    <property name="os.version" value="10.0"/>
    <property name="java.endorsed.dirs" value="C:\Program Files\Java\jdk1.8.0_171\jre\lib\endorsed"/>
    <property name="java.runtime.name" value="Java(TM) SE Runtime Environment"/>
    <property name="file.encoding" value="Cp1251"/>
    <property name="java.vm.name" value="Java HotSpot(TM) 64-Bit Server VM"/>
    <property name="localRepository" value="C:\Users\steve\.m2\repository"/>
    <property name="java.vendor.url.bug" value="http://bugreport.sun.com/bugreport/"/>
    <property name="java.io.tmpdir" value="C:\Users\steve\AppData\Local\Temp\"/>
    <property name="java.version" value="1.8.0_171"/>
    <property name="user.dir" value="C:\Users\steve\Dropbox\Projects\git\defind"/>
    <property name="os.arch" value="amd64"/>
    <property name="java.vm.specification.name" value="Java Virtual Machine Specification"/>
    <property name="java.awt.printerjob" value="sun.awt.windows.WPrinterJob"/>
    <property name="user.language.format" value="ru"/>
    <property name="sun.os.patch.level" value=""/>
    <property name="java.library.path" value="C:\Program Files\Java\jdk1.8.0_171\jre\bin;C:\WINDOWS\Sun\Java\bin;C:\WINDOWS\system32;C:\WINDOWS;C:\Program Files (x86)\Common Files\Oracle\Java\javapath;C:\WINDOWS\system32;C:\WINDOWS;C:\WINDOWS\System32\Wbem;C:\WINDOWS\System32\WindowsPowerShell\v1.0\;C:\Program Files (x86)\Windows Kits\8.1\Windows Performance Toolkit\;C:\Program Files\Git\cmd;C:\Program Files\nodejs\;C:\Program Files\MATLAB\R2017a\runtime\win64;C:\Program Files\MATLAB\R2017a\bin;C:\Program Files\Intel\WiFi\bin\;C:\Program Files\Common Files\Intel\WirelessCommon\;C:\Users\steve\AppData\Roaming\npm;C:\apache-maven-3.5.3\bin;C:\Program Files\Java\jdk-9.0.4\bin;C:\Program Files\Intel\WiFi\bin\;C:\Program Files\Common Files\Intel\WirelessCommon\;%USERPROFILE%\AppData\Local\Microsoft\WindowsApps;;."/>
    <property name="java.vm.info" value="mixed mode"/>
    <property name="java.vendor" value="Oracle Corporation"/>
    <property name="java.vm.version" value="25.171-b11"/>
    <property name="java.ext.dirs" value="C:\Program Files\Java\jdk1.8.0_171\jre\lib\ext;C:\WINDOWS\Sun\Java\lib\ext"/>
    <property name="sun.io.unicode.encoding" value="UnicodeLittle"/>
    <property name="java.class.version" value="52.0"/>
  </properties>
  <testcase name="testManchesterParser" classname="org.liveontologies.protege.explanation.proof.editing.OWLAxiomCheckerTest" time="0">
    <skipped/>
  </testcase>
</testsuite>